<?xml version="1.0" encoding="UTF-8"?>
<!-- Generated by org.testng.reporters.JUnitXMLReporter -->
<testsuite hostname="LAPTOP-MPNT8J29" ignored="0" name="Test" tests="3" failures="1" timestamp="2020-10-22T22:41:08 BST" time="40.964" errors="0">
  <testcase name="leadtest" time="0.0" classname="parameterTest.Subclasstesting2">
    <failure type="org.testng.TestNGException" message="
Cannot inject @Test annotated Method [leadtest] with [class java.lang.String, class java.lang.String].
For more information on native dependency injection please refer to http://testng.org/doc/documentation-main.html#native-dependency-injection">
      <![CDATA[org.testng.TestNGException: 
Cannot inject @Test annotated Method [leadtest] with [class java.lang.String, class java.lang.String].
For more information on native dependency injection please refer to http://testng.org/doc/documentation-main.html#native-dependency-injection
at java.util.ArrayList.forEach(Unknown Source)
... Removed 26 stack frames]]>
    </failure>
  </testcase> <!-- leadtest -->
  <testcase name="sbbc" time="4.312" classname="parameterTest.suubclas"/>
  <testcase name="sbbc" time="4.274" classname="parameterTest.suubclas"/>
</testsuite> <!-- Test -->
